<?xml version="1.0" encoding="UTF-8" ?>
<testsuite failures="1" time="0.093" errors="0" skipped="0" tests="2" name="com.vexsoftware.ajdbc.PostgreSQLTest">
  <properties>
[...]
</properties>
  <testcase time="0.072" classname="com.vexsoftware.ajdbc.PostgreSQLTest" name="com.vexsoftware.ajdbc.PostgreSQLTest.testConnection"/>
  <testcase time="0.007" classname="com.vexsoftware.ajdbc.PostgreSQLTest" name="com.vexsoftware.ajdbc.PostgreSQLTest.testQuery">
    <failure message="org/junit/Assert" type="java.lang.NoClassDefFoundError">java.lang.NoClassDefFoundError: org/junit/Assert
	at com.vexsoftware.ajdbc.PostgreSQLTest.testQuery(PostgreSQLTest.java:70)
Caused by: java.lang.ClassNotFoundException: org.junit.Assert
	at java.net.URLClassLoader$1.run(URLClassLoader.java:217)
	at java.security.AccessController.doPrivileged(Native Method)
	at java.net.URLClassLoader.findClass(URLClassLoader.java:205)
	at java.lang.ClassLoader.loadClass(ClassLoader.java:321)
	at sun.misc.Launcher$AppClassLoader.loadClass(Launcher.java:294)
	at java.lang.ClassLoader.loadClass(ClassLoader.java:266)
	... 19 more
</failure>
    <system-err>Exception in thread &quot;pool-1-thread-1&quot; java.lang.NoClassDefFoundError: org/junit/Assert
	at com.vexsoftware.ajdbc.PostgreSQLTest$1.onException(PostgreSQLTest.java:52)
	at com.vexsoftware.ajdbc.DatabaseFuture.broadcastException(DatabaseFuture.java:117)
	at com.vexsoftware.ajdbc.DatabaseTask.run(DatabaseTask.java:35)
	at java.util.concurrent.ThreadPoolExecutor.runWorker(ThreadPoolExecutor.java:1110)
	at java.util.concurrent.ThreadPoolExecutor$Worker.run(ThreadPoolExecutor.java:603)
	at java.lang.Thread.run(Thread.java:679)
Exception in thread &quot;pool-1-thread-2&quot; java.lang.NoClassDefFoundError: org/junit/Assert
	at com.vexsoftware.ajdbc.PostgreSQLTest$1.onException(PostgreSQLTest.java:52)
	at com.vexsoftware.ajdbc.DatabaseFuture.broadcastException(DatabaseFuture.java:117)
	at com.vexsoftware.ajdbc.DatabaseTask.run(DatabaseTask.java:35)
	at java.util.concurrent.ThreadPoolExecutor.runWorker(ThreadPoolExecutor.java:1110)
	at java.util.concurrent.ThreadPoolExecutor$Worker.run(ThreadPoolExecutor.java:603)
	at java.lang.Thread.run(Thread.java:679)
</system-err>
  </testcase>
</testsuite>